07-21-2025 17:08:53 | INFO | [31m[1mWARNING: This is a development server. Do not use it in a production deployment. Use a production WSGI server instead.[0m
 * Running on all addresses (0.0.0.0)
 * Running on http://127.0.0.1:8081
 * Running on http://192.168.0.13:8081
07-21-2025 17:08:53 | INFO | [33mPress CTRL+C to quit[0m
07-21-2025 17:11:01 | INFO | loading Word2Vec object from common/model/word2vec.model
07-21-2025 17:11:01 | INFO | loading wv recursively from common/model/word2vec.model.wv.* with mmap=None
07-21-2025 17:11:01 | INFO | setting ignored attribute cum_table to None
07-21-2025 17:11:01 | INFO | Word2Vec lifecycle event {'fname': 'common/model/word2vec.model', 'datetime': '2025-07-21T17:11:01.852205', 'gensim': '4.3.3', 'python': '3.12.3 | packaged by conda-forge | (main, Apr 15 2024, 18:20:11) [MSC v.1938 64 bit (AMD64)]', 'platform': 'Windows-11-10.0.26100-SP0', 'event': 'loaded'}
07-21-2025 17:11:01 | INFO | collecting all words and their counts
07-21-2025 17:11:01 | INFO | PROGRESS: at sentence #0, processed 0 words, keeping 0 word types
07-21-2025 17:11:01 | INFO | collected 1 word types from a corpus of 1 raw words and 1 sentences
07-21-2025 17:11:01 | INFO | Updating model with new vocabulary
07-21-2025 17:11:03 | INFO | Word2Vec lifecycle event {'msg': 'added 0 new unique words (0.00% of original 1) and increased the count of 1 pre-existing words (100.00% of original 1)', 'datetime': '2025-07-21T17:11:03.219989', 'gensim': '4.3.3', 'python': '3.12.3 | packaged by conda-forge | (main, Apr 15 2024, 18:20:11) [MSC v.1938 64 bit (AMD64)]', 'platform': 'Windows-11-10.0.26100-SP0', 'event': 'prepare_vocab'}
07-21-2025 17:11:03 | INFO | deleting the raw counts dictionary of 1 items
07-21-2025 17:11:03 | INFO | sample=0.001 downsamples 1 most-common words
07-21-2025 17:11:03 | INFO | Word2Vec lifecycle event {'msg': 'downsampling leaves estimated 0.0326227766016838 word corpus (3.3%% of prior 1)', 'datetime': '2025-07-21T17:11:03.220989', 'gensim': '4.3.3', 'python': '3.12.3 | packaged by conda-forge | (main, Apr 15 2024, 18:20:11) [MSC v.1938 64 bit (AMD64)]', 'platform': 'Windows-11-10.0.26100-SP0', 'event': 'prepare_vocab'}
07-21-2025 17:11:03 | INFO | estimated required memory for 1 words and 100 dimensions: 1300 bytes
07-21-2025 17:11:03 | INFO | updating layer weights
07-21-2025 17:11:03 | INFO | Word2Vec lifecycle event {'update': True, 'trim_rule': 'None', 'datetime': '2025-07-21T17:11:03.392310', 'gensim': '4.3.3', 'python': '3.12.3 | packaged by conda-forge | (main, Apr 15 2024, 18:20:11) [MSC v.1938 64 bit (AMD64)]', 'platform': 'Windows-11-10.0.26100-SP0', 'event': 'build_vocab'}
07-21-2025 17:11:03 | WARNING | Effective 'alpha' higher than previous training cycles
07-21-2025 17:11:03 | INFO | Word2Vec lifecycle event {'msg': 'training model with 1 workers on 20732 vocabulary and 100 features, using sg=0 hs=0 sample=0.001 negative=5 window=5 shrink_windows=True', 'datetime': '2025-07-21T17:11:03.406677', 'gensim': '4.3.3', 'python': '3.12.3 | packaged by conda-forge | (main, Apr 15 2024, 18:20:11) [MSC v.1938 64 bit (AMD64)]', 'platform': 'Windows-11-10.0.26100-SP0', 'event': 'train'}
07-21-2025 17:11:03 | INFO | EPOCH 0: training on 1 raw words (0 effective words) took 0.0s, 0 effective words/s
07-21-2025 17:11:03 | INFO | EPOCH 1: training on 1 raw words (0 effective words) took 0.0s, 0 effective words/s
07-21-2025 17:11:03 | INFO | EPOCH 2: training on 1 raw words (0 effective words) took 0.0s, 0 effective words/s
07-21-2025 17:11:03 | INFO | EPOCH 3: training on 1 raw words (0 effective words) took 0.0s, 0 effective words/s
07-21-2025 17:11:03 | INFO | EPOCH 4: training on 1 raw words (0 effective words) took 0.0s, 0 effective words/s
07-21-2025 17:11:03 | INFO | Word2Vec lifecycle event {'msg': 'training on 5 raw words (0 effective words) took 0.0s, 0 effective words/s', 'datetime': '2025-07-21T17:11:03.413975', 'gensim': '4.3.3', 'python': '3.12.3 | packaged by conda-forge | (main, Apr 15 2024, 18:20:11) [MSC v.1938 64 bit (AMD64)]', 'platform': 'Windows-11-10.0.26100-SP0', 'event': 'train'}
07-21-2025 17:11:03 | INFO | Word2Vec lifecycle event {'fname_or_handle': 'common/model/word2vec.model', 'separately': 'None', 'sep_limit': 10485760, 'ignore': frozenset(), 'datetime': '2025-07-21T17:11:03.415974', 'gensim': '4.3.3', 'python': '3.12.3 | packaged by conda-forge | (main, Apr 15 2024, 18:20:11) [MSC v.1938 64 bit (AMD64)]', 'platform': 'Windows-11-10.0.26100-SP0', 'event': 'saving'}
07-21-2025 17:11:03 | INFO | not storing attribute cum_table
07-21-2025 17:11:03 | INFO | saved common/model/word2vec.model
07-21-2025 17:13:52 | INFO | loading Word2Vec object from common/model/word2vec.model
07-21-2025 17:13:52 | INFO | loading wv recursively from common/model/word2vec.model.wv.* with mmap=None
07-21-2025 17:13:52 | INFO | setting ignored attribute cum_table to None
07-21-2025 17:13:52 | INFO | Word2Vec lifecycle event {'fname': 'common/model/word2vec.model', 'datetime': '2025-07-21T17:13:52.317230', 'gensim': '4.3.3', 'python': '3.12.3 | packaged by conda-forge | (main, Apr 15 2024, 18:20:11) [MSC v.1938 64 bit (AMD64)]', 'platform': 'Windows-11-10.0.26100-SP0', 'event': 'loaded'}
07-21-2025 17:13:52 | INFO | collecting all words and their counts
07-21-2025 17:13:52 | INFO | PROGRESS: at sentence #0, processed 0 words, keeping 0 word types
07-21-2025 17:13:52 | INFO | collected 1 word types from a corpus of 1 raw words and 1 sentences
07-21-2025 17:13:52 | INFO | Updating model with new vocabulary
07-21-2025 17:13:53 | INFO | Word2Vec lifecycle event {'msg': 'added 0 new unique words (0.00% of original 1) and increased the count of 1 pre-existing words (100.00% of original 1)', 'datetime': '2025-07-21T17:13:53.512443', 'gensim': '4.3.3', 'python': '3.12.3 | packaged by conda-forge | (main, Apr 15 2024, 18:20:11) [MSC v.1938 64 bit (AMD64)]', 'platform': 'Windows-11-10.0.26100-SP0', 'event': 'prepare_vocab'}
07-21-2025 17:13:53 | INFO | deleting the raw counts dictionary of 1 items
07-21-2025 17:13:53 | INFO | sample=0.001 downsamples 1 most-common words
07-21-2025 17:13:53 | INFO | Word2Vec lifecycle event {'msg': 'downsampling leaves estimated 0.0326227766016838 word corpus (3.3%% of prior 1)', 'datetime': '2025-07-21T17:13:53.513427', 'gensim': '4.3.3', 'python': '3.12.3 | packaged by conda-forge | (main, Apr 15 2024, 18:20:11) [MSC v.1938 64 bit (AMD64)]', 'platform': 'Windows-11-10.0.26100-SP0', 'event': 'prepare_vocab'}
07-21-2025 17:13:53 | INFO | estimated required memory for 1 words and 100 dimensions: 1300 bytes
07-21-2025 17:13:53 | INFO | updating layer weights
07-21-2025 17:13:53 | INFO | Word2Vec lifecycle event {'update': True, 'trim_rule': 'None', 'datetime': '2025-07-21T17:13:53.671516', 'gensim': '4.3.3', 'python': '3.12.3 | packaged by conda-forge | (main, Apr 15 2024, 18:20:11) [MSC v.1938 64 bit (AMD64)]', 'platform': 'Windows-11-10.0.26100-SP0', 'event': 'build_vocab'}
07-21-2025 17:13:53 | WARNING | Effective 'alpha' higher than previous training cycles
07-21-2025 17:13:53 | INFO | Word2Vec lifecycle event {'msg': 'training model with 1 workers on 20732 vocabulary and 100 features, using sg=0 hs=0 sample=0.001 negative=5 window=5 shrink_windows=True', 'datetime': '2025-07-21T17:13:53.673500', 'gensim': '4.3.3', 'python': '3.12.3 | packaged by conda-forge | (main, Apr 15 2024, 18:20:11) [MSC v.1938 64 bit (AMD64)]', 'platform': 'Windows-11-10.0.26100-SP0', 'event': 'train'}
07-21-2025 17:13:53 | INFO | EPOCH 0: training on 1 raw words (0 effective words) took 0.0s, 0 effective words/s
07-21-2025 17:13:53 | INFO | EPOCH 1: training on 1 raw words (0 effective words) took 0.0s, 0 effective words/s
07-21-2025 17:13:53 | INFO | EPOCH 2: training on 1 raw words (0 effective words) took 0.0s, 0 effective words/s
07-21-2025 17:13:53 | INFO | EPOCH 3: training on 1 raw words (0 effective words) took 0.0s, 0 effective words/s
07-21-2025 17:13:53 | INFO | EPOCH 4: training on 1 raw words (0 effective words) took 0.0s, 0 effective words/s
07-21-2025 17:13:53 | INFO | Word2Vec lifecycle event {'msg': 'training on 5 raw words (0 effective words) took 0.0s, 0 effective words/s', 'datetime': '2025-07-21T17:13:53.679500', 'gensim': '4.3.3', 'python': '3.12.3 | packaged by conda-forge | (main, Apr 15 2024, 18:20:11) [MSC v.1938 64 bit (AMD64)]', 'platform': 'Windows-11-10.0.26100-SP0', 'event': 'train'}
07-21-2025 17:13:53 | INFO | Word2Vec lifecycle event {'fname_or_handle': 'common/model/word2vec.model', 'separately': 'None', 'sep_limit': 10485760, 'ignore': frozenset(), 'datetime': '2025-07-21T17:13:53.681922', 'gensim': '4.3.3', 'python': '3.12.3 | packaged by conda-forge | (main, Apr 15 2024, 18:20:11) [MSC v.1938 64 bit (AMD64)]', 'platform': 'Windows-11-10.0.26100-SP0', 'event': 'saving'}
07-21-2025 17:13:53 | INFO | not storing attribute cum_table
07-21-2025 17:13:53 | INFO | saved common/model/word2vec.model
07-21-2025 17:15:54 | INFO | loading Word2Vec object from common/model/word2vec.model
07-21-2025 17:15:54 | INFO | loading wv recursively from common/model/word2vec.model.wv.* with mmap=None
07-21-2025 17:15:54 | INFO | setting ignored attribute cum_table to None
07-21-2025 17:15:54 | INFO | Word2Vec lifecycle event {'fname': 'common/model/word2vec.model', 'datetime': '2025-07-21T17:15:54.908843', 'gensim': '4.3.3', 'python': '3.12.3 | packaged by conda-forge | (main, Apr 15 2024, 18:20:11) [MSC v.1938 64 bit (AMD64)]', 'platform': 'Windows-11-10.0.26100-SP0', 'event': 'loaded'}
07-21-2025 17:15:54 | INFO | collecting all words and their counts
07-21-2025 17:15:54 | INFO | PROGRESS: at sentence #0, processed 0 words, keeping 0 word types
07-21-2025 17:15:54 | INFO | collected 1 word types from a corpus of 1 raw words and 1 sentences
07-21-2025 17:15:54 | INFO | Updating model with new vocabulary
07-21-2025 17:15:56 | INFO | Word2Vec lifecycle event {'msg': 'added 0 new unique words (0.00% of original 1) and increased the count of 1 pre-existing words (100.00% of original 1)', 'datetime': '2025-07-21T17:15:56.201070', 'gensim': '4.3.3', 'python': '3.12.3 | packaged by conda-forge | (main, Apr 15 2024, 18:20:11) [MSC v.1938 64 bit (AMD64)]', 'platform': 'Windows-11-10.0.26100-SP0', 'event': 'prepare_vocab'}
07-21-2025 17:15:56 | INFO | deleting the raw counts dictionary of 1 items
07-21-2025 17:15:56 | INFO | sample=0.001 downsamples 1 most-common words
07-21-2025 17:15:56 | INFO | Word2Vec lifecycle event {'msg': 'downsampling leaves estimated 0.0326227766016838 word corpus (3.3%% of prior 1)', 'datetime': '2025-07-21T17:15:56.202086', 'gensim': '4.3.3', 'python': '3.12.3 | packaged by conda-forge | (main, Apr 15 2024, 18:20:11) [MSC v.1938 64 bit (AMD64)]', 'platform': 'Windows-11-10.0.26100-SP0', 'event': 'prepare_vocab'}
07-21-2025 17:15:56 | INFO | estimated required memory for 1 words and 100 dimensions: 1300 bytes
07-21-2025 17:15:56 | INFO | updating layer weights
07-21-2025 17:15:56 | INFO | Word2Vec lifecycle event {'update': True, 'trim_rule': 'None', 'datetime': '2025-07-21T17:15:56.381021', 'gensim': '4.3.3', 'python': '3.12.3 | packaged by conda-forge | (main, Apr 15 2024, 18:20:11) [MSC v.1938 64 bit (AMD64)]', 'platform': 'Windows-11-10.0.26100-SP0', 'event': 'build_vocab'}
07-21-2025 17:15:56 | WARNING | Effective 'alpha' higher than previous training cycles
07-21-2025 17:15:56 | INFO | Word2Vec lifecycle event {'msg': 'training model with 1 workers on 20732 vocabulary and 100 features, using sg=0 hs=0 sample=0.001 negative=5 window=5 shrink_windows=True', 'datetime': '2025-07-21T17:15:56.383021', 'gensim': '4.3.3', 'python': '3.12.3 | packaged by conda-forge | (main, Apr 15 2024, 18:20:11) [MSC v.1938 64 bit (AMD64)]', 'platform': 'Windows-11-10.0.26100-SP0', 'event': 'train'}
07-21-2025 17:15:56 | INFO | EPOCH 0: training on 1 raw words (0 effective words) took 0.0s, 0 effective words/s
07-21-2025 17:15:56 | INFO | EPOCH 1: training on 1 raw words (0 effective words) took 0.0s, 0 effective words/s
07-21-2025 17:15:56 | INFO | EPOCH 2: training on 1 raw words (0 effective words) took 0.0s, 0 effective words/s
07-21-2025 17:15:56 | INFO | EPOCH 3: training on 1 raw words (0 effective words) took 0.0s, 0 effective words/s
07-21-2025 17:15:56 | INFO | EPOCH 4: training on 1 raw words (0 effective words) took 0.0s, 0 effective words/s
07-21-2025 17:15:56 | INFO | Word2Vec lifecycle event {'msg': 'training on 5 raw words (0 effective words) took 0.0s, 0 effective words/s', 'datetime': '2025-07-21T17:15:56.390021', 'gensim': '4.3.3', 'python': '3.12.3 | packaged by conda-forge | (main, Apr 15 2024, 18:20:11) [MSC v.1938 64 bit (AMD64)]', 'platform': 'Windows-11-10.0.26100-SP0', 'event': 'train'}
07-21-2025 17:15:56 | INFO | Word2Vec lifecycle event {'fname_or_handle': 'common/model/word2vec.model', 'separately': 'None', 'sep_limit': 10485760, 'ignore': frozenset(), 'datetime': '2025-07-21T17:15:56.392022', 'gensim': '4.3.3', 'python': '3.12.3 | packaged by conda-forge | (main, Apr 15 2024, 18:20:11) [MSC v.1938 64 bit (AMD64)]', 'platform': 'Windows-11-10.0.26100-SP0', 'event': 'saving'}
07-21-2025 17:15:56 | INFO | not storing attribute cum_table
07-21-2025 17:15:56 | INFO | saved common/model/word2vec.model
07-21-2025 17:16:07 | INFO | 127.0.0.1 - - [21/Jul/2025 17:16:07] "[33mGET /keyword=해남군 HTTP/1.1[0m" 404 -
07-21-2025 17:16:07 | INFO | 127.0.0.1 - - [21/Jul/2025 17:16:07] "[33mGET /favicon.ico HTTP/1.1[0m" 404 -
07-21-2025 17:16:23 | INFO | 127.0.0.1 - - [21/Jul/2025 17:16:23] "[33mGET /keyword=미소 HTTP/1.1[0m" 404 -
07-21-2025 17:16:27 | INFO | 127.0.0.1 - - [21/Jul/2025 17:16:27] "[33mGET /keyword=해남미소 HTTP/1.1[0m" 404 -
07-21-2025 17:18:24 | INFO | loading Word2Vec object from common/model/word2vec.model
07-21-2025 17:18:24 | INFO | loading wv recursively from common/model/word2vec.model.wv.* with mmap=None
07-21-2025 17:18:24 | INFO | setting ignored attribute cum_table to None
07-21-2025 17:18:24 | INFO | Word2Vec lifecycle event {'fname': 'common/model/word2vec.model', 'datetime': '2025-07-21T17:18:24.268141', 'gensim': '4.3.3', 'python': '3.12.3 | packaged by conda-forge | (main, Apr 15 2024, 18:20:11) [MSC v.1938 64 bit (AMD64)]', 'platform': 'Windows-11-10.0.26100-SP0', 'event': 'loaded'}
07-21-2025 17:18:24 | INFO | collecting all words and their counts
07-21-2025 17:18:24 | INFO | PROGRESS: at sentence #0, processed 0 words, keeping 0 word types
07-21-2025 17:18:24 | INFO | collected 1 word types from a corpus of 1 raw words and 1 sentences
07-21-2025 17:18:24 | INFO | Updating model with new vocabulary
07-21-2025 17:18:25 | INFO | Word2Vec lifecycle event {'msg': 'added 0 new unique words (0.00% of original 1) and increased the count of 1 pre-existing words (100.00% of original 1)', 'datetime': '2025-07-21T17:18:25.592940', 'gensim': '4.3.3', 'python': '3.12.3 | packaged by conda-forge | (main, Apr 15 2024, 18:20:11) [MSC v.1938 64 bit (AMD64)]', 'platform': 'Windows-11-10.0.26100-SP0', 'event': 'prepare_vocab'}
07-21-2025 17:18:25 | INFO | deleting the raw counts dictionary of 1 items
07-21-2025 17:18:25 | INFO | sample=0.001 downsamples 1 most-common words
07-21-2025 17:18:25 | INFO | Word2Vec lifecycle event {'msg': 'downsampling leaves estimated 0.0326227766016838 word corpus (3.3%% of prior 1)', 'datetime': '2025-07-21T17:18:25.593954', 'gensim': '4.3.3', 'python': '3.12.3 | packaged by conda-forge | (main, Apr 15 2024, 18:20:11) [MSC v.1938 64 bit (AMD64)]', 'platform': 'Windows-11-10.0.26100-SP0', 'event': 'prepare_vocab'}
07-21-2025 17:18:25 | INFO | estimated required memory for 1 words and 100 dimensions: 1300 bytes
07-21-2025 17:18:25 | INFO | updating layer weights
07-21-2025 17:18:25 | INFO | Word2Vec lifecycle event {'update': True, 'trim_rule': 'None', 'datetime': '2025-07-21T17:18:25.754268', 'gensim': '4.3.3', 'python': '3.12.3 | packaged by conda-forge | (main, Apr 15 2024, 18:20:11) [MSC v.1938 64 bit (AMD64)]', 'platform': 'Windows-11-10.0.26100-SP0', 'event': 'build_vocab'}
07-21-2025 17:18:25 | WARNING | Effective 'alpha' higher than previous training cycles
07-21-2025 17:18:25 | INFO | Word2Vec lifecycle event {'msg': 'training model with 1 workers on 20732 vocabulary and 100 features, using sg=0 hs=0 sample=0.001 negative=5 window=5 shrink_windows=True', 'datetime': '2025-07-21T17:18:25.756268', 'gensim': '4.3.3', 'python': '3.12.3 | packaged by conda-forge | (main, Apr 15 2024, 18:20:11) [MSC v.1938 64 bit (AMD64)]', 'platform': 'Windows-11-10.0.26100-SP0', 'event': 'train'}
07-21-2025 17:18:25 | INFO | EPOCH 0: training on 1 raw words (0 effective words) took 0.0s, 0 effective words/s
07-21-2025 17:18:25 | INFO | EPOCH 1: training on 1 raw words (0 effective words) took 0.0s, 0 effective words/s
07-21-2025 17:18:25 | INFO | EPOCH 2: training on 1 raw words (0 effective words) took 0.0s, 0 effective words/s
07-21-2025 17:18:25 | INFO | EPOCH 3: training on 1 raw words (0 effective words) took 0.0s, 0 effective words/s
07-21-2025 17:18:25 | INFO | EPOCH 4: training on 1 raw words (0 effective words) took 0.0s, 0 effective words/s
07-21-2025 17:18:25 | INFO | Word2Vec lifecycle event {'msg': 'training on 5 raw words (0 effective words) took 0.0s, 0 effective words/s', 'datetime': '2025-07-21T17:18:25.769832', 'gensim': '4.3.3', 'python': '3.12.3 | packaged by conda-forge | (main, Apr 15 2024, 18:20:11) [MSC v.1938 64 bit (AMD64)]', 'platform': 'Windows-11-10.0.26100-SP0', 'event': 'train'}
07-21-2025 17:18:25 | INFO | Word2Vec lifecycle event {'fname_or_handle': 'common/model/word2vec.model', 'separately': 'None', 'sep_limit': 10485760, 'ignore': frozenset(), 'datetime': '2025-07-21T17:18:25.771834', 'gensim': '4.3.3', 'python': '3.12.3 | packaged by conda-forge | (main, Apr 15 2024, 18:20:11) [MSC v.1938 64 bit (AMD64)]', 'platform': 'Windows-11-10.0.26100-SP0', 'event': 'saving'}
07-21-2025 17:18:25 | INFO | not storing attribute cum_table
07-21-2025 17:18:25 | INFO | saved common/model/word2vec.model
07-21-2025 17:21:04 | INFO | loading Word2Vec object from common/model/word2vec.model
07-21-2025 17:21:04 | INFO | loading wv recursively from common/model/word2vec.model.wv.* with mmap=None
07-21-2025 17:21:04 | INFO | setting ignored attribute cum_table to None
07-21-2025 17:21:04 | INFO | Word2Vec lifecycle event {'fname': 'common/model/word2vec.model', 'datetime': '2025-07-21T17:21:04.670425', 'gensim': '4.3.3', 'python': '3.12.3 | packaged by conda-forge | (main, Apr 15 2024, 18:20:11) [MSC v.1938 64 bit (AMD64)]', 'platform': 'Windows-11-10.0.26100-SP0', 'event': 'loaded'}
07-21-2025 17:21:04 | INFO | collecting all words and their counts
07-21-2025 17:21:04 | INFO | PROGRESS: at sentence #0, processed 0 words, keeping 0 word types
07-21-2025 17:21:04 | INFO | collected 1 word types from a corpus of 1 raw words and 1 sentences
07-21-2025 17:21:04 | INFO | Updating model with new vocabulary
07-21-2025 17:21:05 | INFO | Word2Vec lifecycle event {'msg': 'added 0 new unique words (0.00% of original 1) and increased the count of 1 pre-existing words (100.00% of original 1)', 'datetime': '2025-07-21T17:21:05.884567', 'gensim': '4.3.3', 'python': '3.12.3 | packaged by conda-forge | (main, Apr 15 2024, 18:20:11) [MSC v.1938 64 bit (AMD64)]', 'platform': 'Windows-11-10.0.26100-SP0', 'event': 'prepare_vocab'}
07-21-2025 17:21:05 | INFO | deleting the raw counts dictionary of 1 items
07-21-2025 17:21:05 | INFO | sample=0.001 downsamples 1 most-common words
07-21-2025 17:21:05 | INFO | Word2Vec lifecycle event {'msg': 'downsampling leaves estimated 0.0326227766016838 word corpus (3.3%% of prior 1)', 'datetime': '2025-07-21T17:21:05.884567', 'gensim': '4.3.3', 'python': '3.12.3 | packaged by conda-forge | (main, Apr 15 2024, 18:20:11) [MSC v.1938 64 bit (AMD64)]', 'platform': 'Windows-11-10.0.26100-SP0', 'event': 'prepare_vocab'}
07-21-2025 17:21:06 | INFO | estimated required memory for 1 words and 100 dimensions: 1300 bytes
07-21-2025 17:21:06 | INFO | updating layer weights
07-21-2025 17:21:06 | INFO | Word2Vec lifecycle event {'update': True, 'trim_rule': 'None', 'datetime': '2025-07-21T17:21:06.042748', 'gensim': '4.3.3', 'python': '3.12.3 | packaged by conda-forge | (main, Apr 15 2024, 18:20:11) [MSC v.1938 64 bit (AMD64)]', 'platform': 'Windows-11-10.0.26100-SP0', 'event': 'build_vocab'}
07-21-2025 17:21:06 | WARNING | Effective 'alpha' higher than previous training cycles
07-21-2025 17:21:06 | INFO | Word2Vec lifecycle event {'msg': 'training model with 1 workers on 20732 vocabulary and 100 features, using sg=0 hs=0 sample=0.001 negative=5 window=5 shrink_windows=True', 'datetime': '2025-07-21T17:21:06.044224', 'gensim': '4.3.3', 'python': '3.12.3 | packaged by conda-forge | (main, Apr 15 2024, 18:20:11) [MSC v.1938 64 bit (AMD64)]', 'platform': 'Windows-11-10.0.26100-SP0', 'event': 'train'}
07-21-2025 17:21:06 | INFO | EPOCH 0: training on 1 raw words (0 effective words) took 0.0s, 0 effective words/s
07-21-2025 17:21:06 | INFO | EPOCH 1: training on 1 raw words (0 effective words) took 0.0s, 0 effective words/s
07-21-2025 17:21:06 | INFO | EPOCH 2: training on 1 raw words (0 effective words) took 0.0s, 0 effective words/s
07-21-2025 17:21:06 | INFO | EPOCH 3: training on 1 raw words (1 effective words) took 0.0s, 310 effective words/s
07-21-2025 17:21:06 | INFO | EPOCH 4: training on 1 raw words (0 effective words) took 0.0s, 0 effective words/s
07-21-2025 17:21:06 | INFO | Word2Vec lifecycle event {'msg': 'training on 5 raw words (1 effective words) took 0.0s, 103 effective words/s', 'datetime': '2025-07-21T17:21:06.054359', 'gensim': '4.3.3', 'python': '3.12.3 | packaged by conda-forge | (main, Apr 15 2024, 18:20:11) [MSC v.1938 64 bit (AMD64)]', 'platform': 'Windows-11-10.0.26100-SP0', 'event': 'train'}
07-21-2025 17:21:06 | INFO | Word2Vec lifecycle event {'fname_or_handle': 'common/model/word2vec.model', 'separately': 'None', 'sep_limit': 10485760, 'ignore': frozenset(), 'datetime': '2025-07-21T17:21:06.055365', 'gensim': '4.3.3', 'python': '3.12.3 | packaged by conda-forge | (main, Apr 15 2024, 18:20:11) [MSC v.1938 64 bit (AMD64)]', 'platform': 'Windows-11-10.0.26100-SP0', 'event': 'saving'}
07-21-2025 17:21:06 | INFO | not storing attribute cum_table
07-21-2025 17:21:06 | INFO | saved common/model/word2vec.model
07-21-2025 17:22:29 | INFO | [31m[1mWARNING: This is a development server. Do not use it in a production deployment. Use a production WSGI server instead.[0m
 * Running on all addresses (0.0.0.0)
 * Running on http://127.0.0.1:8081
 * Running on http://192.168.0.13:8081
07-21-2025 17:22:29 | INFO | [33mPress CTRL+C to quit[0m
07-21-2025 17:25:09 | INFO | loading Word2Vec object from common/model/word2vec.model
07-21-2025 17:25:09 | INFO | loading wv recursively from common/model/word2vec.model.wv.* with mmap=None
07-21-2025 17:25:09 | INFO | setting ignored attribute cum_table to None
07-21-2025 17:25:09 | INFO | Word2Vec lifecycle event {'fname': 'common/model/word2vec.model', 'datetime': '2025-07-21T17:25:09.770573', 'gensim': '4.3.3', 'python': '3.12.3 | packaged by conda-forge | (main, Apr 15 2024, 18:20:11) [MSC v.1938 64 bit (AMD64)]', 'platform': 'Windows-11-10.0.26100-SP0', 'event': 'loaded'}
07-21-2025 17:25:09 | INFO | collecting all words and their counts
07-21-2025 17:25:09 | INFO | PROGRESS: at sentence #0, processed 0 words, keeping 0 word types
07-21-2025 17:25:09 | INFO | collected 1 word types from a corpus of 1 raw words and 1 sentences
07-21-2025 17:25:09 | INFO | Updating model with new vocabulary
07-21-2025 17:25:11 | INFO | Word2Vec lifecycle event {'msg': 'added 0 new unique words (0.00% of original 1) and increased the count of 1 pre-existing words (100.00% of original 1)', 'datetime': '2025-07-21T17:25:11.097874', 'gensim': '4.3.3', 'python': '3.12.3 | packaged by conda-forge | (main, Apr 15 2024, 18:20:11) [MSC v.1938 64 bit (AMD64)]', 'platform': 'Windows-11-10.0.26100-SP0', 'event': 'prepare_vocab'}
07-21-2025 17:25:11 | INFO | deleting the raw counts dictionary of 1 items
07-21-2025 17:25:11 | INFO | sample=0.001 downsamples 1 most-common words
07-21-2025 17:25:11 | INFO | Word2Vec lifecycle event {'msg': 'downsampling leaves estimated 0.0326227766016838 word corpus (3.3%% of prior 1)', 'datetime': '2025-07-21T17:25:11.098875', 'gensim': '4.3.3', 'python': '3.12.3 | packaged by conda-forge | (main, Apr 15 2024, 18:20:11) [MSC v.1938 64 bit (AMD64)]', 'platform': 'Windows-11-10.0.26100-SP0', 'event': 'prepare_vocab'}
07-21-2025 17:25:11 | INFO | estimated required memory for 1 words and 100 dimensions: 1300 bytes
07-21-2025 17:25:11 | INFO | updating layer weights
07-21-2025 17:25:11 | INFO | Word2Vec lifecycle event {'update': True, 'trim_rule': 'None', 'datetime': '2025-07-21T17:25:11.271045', 'gensim': '4.3.3', 'python': '3.12.3 | packaged by conda-forge | (main, Apr 15 2024, 18:20:11) [MSC v.1938 64 bit (AMD64)]', 'platform': 'Windows-11-10.0.26100-SP0', 'event': 'build_vocab'}
07-21-2025 17:25:11 | WARNING | Effective 'alpha' higher than previous training cycles
07-21-2025 17:25:11 | INFO | Word2Vec lifecycle event {'msg': 'training model with 1 workers on 20732 vocabulary and 100 features, using sg=0 hs=0 sample=0.001 negative=5 window=5 shrink_windows=True', 'datetime': '2025-07-21T17:25:11.272043', 'gensim': '4.3.3', 'python': '3.12.3 | packaged by conda-forge | (main, Apr 15 2024, 18:20:11) [MSC v.1938 64 bit (AMD64)]', 'platform': 'Windows-11-10.0.26100-SP0', 'event': 'train'}
07-21-2025 17:25:11 | INFO | EPOCH 0: training on 1 raw words (0 effective words) took 0.0s, 0 effective words/s
07-21-2025 17:25:11 | INFO | EPOCH 1: training on 1 raw words (0 effective words) took 0.0s, 0 effective words/s
07-21-2025 17:25:11 | INFO | EPOCH 2: training on 1 raw words (0 effective words) took 0.0s, 0 effective words/s
07-21-2025 17:25:11 | INFO | EPOCH 3: training on 1 raw words (0 effective words) took 0.0s, 0 effective words/s
07-21-2025 17:25:11 | INFO | EPOCH 4: training on 1 raw words (0 effective words) took 0.0s, 0 effective words/s
07-21-2025 17:25:11 | INFO | Word2Vec lifecycle event {'msg': 'training on 5 raw words (0 effective words) took 0.0s, 0 effective words/s', 'datetime': '2025-07-21T17:25:11.279043', 'gensim': '4.3.3', 'python': '3.12.3 | packaged by conda-forge | (main, Apr 15 2024, 18:20:11) [MSC v.1938 64 bit (AMD64)]', 'platform': 'Windows-11-10.0.26100-SP0', 'event': 'train'}
07-21-2025 17:25:11 | INFO | Word2Vec lifecycle event {'fname_or_handle': 'common/model/word2vec.model', 'separately': 'None', 'sep_limit': 10485760, 'ignore': frozenset(), 'datetime': '2025-07-21T17:25:11.281044', 'gensim': '4.3.3', 'python': '3.12.3 | packaged by conda-forge | (main, Apr 15 2024, 18:20:11) [MSC v.1938 64 bit (AMD64)]', 'platform': 'Windows-11-10.0.26100-SP0', 'event': 'saving'}
07-21-2025 17:25:11 | INFO | not storing attribute cum_table
07-21-2025 17:25:11 | INFO | saved common/model/word2vec.model
07-21-2025 17:27:58 | INFO | loading Word2Vec object from common/model/word2vec.model
07-21-2025 17:27:58 | INFO | loading wv recursively from common/model/word2vec.model.wv.* with mmap=None
07-21-2025 17:27:58 | INFO | setting ignored attribute cum_table to None
07-21-2025 17:27:58 | INFO | Word2Vec lifecycle event {'fname': 'common/model/word2vec.model', 'datetime': '2025-07-21T17:27:58.775049', 'gensim': '4.3.3', 'python': '3.12.3 | packaged by conda-forge | (main, Apr 15 2024, 18:20:11) [MSC v.1938 64 bit (AMD64)]', 'platform': 'Windows-11-10.0.26100-SP0', 'event': 'loaded'}
07-21-2025 17:27:58 | INFO | collecting all words and their counts
07-21-2025 17:27:58 | INFO | PROGRESS: at sentence #0, processed 0 words, keeping 0 word types
07-21-2025 17:27:58 | INFO | collected 1 word types from a corpus of 1 raw words and 1 sentences
07-21-2025 17:27:58 | INFO | Updating model with new vocabulary
07-21-2025 17:28:00 | INFO | Word2Vec lifecycle event {'msg': 'added 0 new unique words (0.00% of original 1) and increased the count of 1 pre-existing words (100.00% of original 1)', 'datetime': '2025-07-21T17:28:00.079537', 'gensim': '4.3.3', 'python': '3.12.3 | packaged by conda-forge | (main, Apr 15 2024, 18:20:11) [MSC v.1938 64 bit (AMD64)]', 'platform': 'Windows-11-10.0.26100-SP0', 'event': 'prepare_vocab'}
07-21-2025 17:28:00 | INFO | deleting the raw counts dictionary of 1 items
07-21-2025 17:28:00 | INFO | sample=0.001 downsamples 1 most-common words
07-21-2025 17:28:00 | INFO | Word2Vec lifecycle event {'msg': 'downsampling leaves estimated 0.0326227766016838 word corpus (3.3%% of prior 1)', 'datetime': '2025-07-21T17:28:00.080546', 'gensim': '4.3.3', 'python': '3.12.3 | packaged by conda-forge | (main, Apr 15 2024, 18:20:11) [MSC v.1938 64 bit (AMD64)]', 'platform': 'Windows-11-10.0.26100-SP0', 'event': 'prepare_vocab'}
07-21-2025 17:28:00 | INFO | estimated required memory for 1 words and 100 dimensions: 1300 bytes
07-21-2025 17:28:00 | INFO | updating layer weights
07-21-2025 17:28:00 | INFO | Word2Vec lifecycle event {'update': True, 'trim_rule': 'None', 'datetime': '2025-07-21T17:28:00.267947', 'gensim': '4.3.3', 'python': '3.12.3 | packaged by conda-forge | (main, Apr 15 2024, 18:20:11) [MSC v.1938 64 bit (AMD64)]', 'platform': 'Windows-11-10.0.26100-SP0', 'event': 'build_vocab'}
07-21-2025 17:28:00 | WARNING | Effective 'alpha' higher than previous training cycles
07-21-2025 17:28:00 | INFO | Word2Vec lifecycle event {'msg': 'training model with 1 workers on 20732 vocabulary and 100 features, using sg=0 hs=0 sample=0.001 negative=5 window=5 shrink_windows=True', 'datetime': '2025-07-21T17:28:00.268932', 'gensim': '4.3.3', 'python': '3.12.3 | packaged by conda-forge | (main, Apr 15 2024, 18:20:11) [MSC v.1938 64 bit (AMD64)]', 'platform': 'Windows-11-10.0.26100-SP0', 'event': 'train'}
07-21-2025 17:28:00 | INFO | EPOCH 0: training on 1 raw words (0 effective words) took 0.0s, 0 effective words/s
07-21-2025 17:28:00 | INFO | EPOCH 1: training on 1 raw words (0 effective words) took 0.0s, 0 effective words/s
07-21-2025 17:28:00 | INFO | EPOCH 2: training on 1 raw words (0 effective words) took 0.0s, 0 effective words/s
07-21-2025 17:28:00 | INFO | EPOCH 3: training on 1 raw words (0 effective words) took 0.0s, 0 effective words/s
07-21-2025 17:28:00 | INFO | EPOCH 4: training on 1 raw words (0 effective words) took 0.0s, 0 effective words/s
07-21-2025 17:28:00 | INFO | Word2Vec lifecycle event {'msg': 'training on 5 raw words (0 effective words) took 0.0s, 0 effective words/s', 'datetime': '2025-07-21T17:28:00.278595', 'gensim': '4.3.3', 'python': '3.12.3 | packaged by conda-forge | (main, Apr 15 2024, 18:20:11) [MSC v.1938 64 bit (AMD64)]', 'platform': 'Windows-11-10.0.26100-SP0', 'event': 'train'}
07-21-2025 17:28:00 | INFO | Word2Vec lifecycle event {'fname_or_handle': 'common/model/word2vec.model', 'separately': 'None', 'sep_limit': 10485760, 'ignore': frozenset(), 'datetime': '2025-07-21T17:28:00.280597', 'gensim': '4.3.3', 'python': '3.12.3 | packaged by conda-forge | (main, Apr 15 2024, 18:20:11) [MSC v.1938 64 bit (AMD64)]', 'platform': 'Windows-11-10.0.26100-SP0', 'event': 'saving'}
07-21-2025 17:28:00 | INFO | not storing attribute cum_table
07-21-2025 17:28:00 | INFO | saved common/model/word2vec.model
07-21-2025 17:31:22 | INFO | [31m[1mWARNING: This is a development server. Do not use it in a production deployment. Use a production WSGI server instead.[0m
 * Running on all addresses (0.0.0.0)
 * Running on http://127.0.0.1:8081
 * Running on http://192.168.0.13:8081
07-21-2025 17:31:22 | INFO | [33mPress CTRL+C to quit[0m
07-21-2025 17:31:50 | INFO | [31m[1mWARNING: This is a development server. Do not use it in a production deployment. Use a production WSGI server instead.[0m
 * Running on all addresses (0.0.0.0)
 * Running on http://127.0.0.1:8081
 * Running on http://192.168.0.13:8081
07-21-2025 17:31:50 | INFO | [33mPress CTRL+C to quit[0m
07-21-2025 17:36:47 | INFO | [31m[1mWARNING: This is a development server. Do not use it in a production deployment. Use a production WSGI server instead.[0m
 * Running on all addresses (0.0.0.0)
 * Running on http://127.0.0.1:8081
 * Running on http://192.168.0.13:8081
07-21-2025 17:36:47 | INFO | [33mPress CTRL+C to quit[0m
07-21-2025 17:39:24 | INFO | loading Word2Vec object from common/model/word2vec.model
07-21-2025 17:39:24 | INFO | loading wv recursively from common/model/word2vec.model.wv.* with mmap=None
07-21-2025 17:39:24 | INFO | setting ignored attribute cum_table to None
07-21-2025 17:39:24 | INFO | Word2Vec lifecycle event {'fname': 'common/model/word2vec.model', 'datetime': '2025-07-21T17:39:24.775095', 'gensim': '4.3.3', 'python': '3.12.3 | packaged by conda-forge | (main, Apr 15 2024, 18:20:11) [MSC v.1938 64 bit (AMD64)]', 'platform': 'Windows-11-10.0.26100-SP0', 'event': 'loaded'}
07-21-2025 17:39:24 | INFO | collecting all words and their counts
07-21-2025 17:39:24 | INFO | PROGRESS: at sentence #0, processed 0 words, keeping 0 word types
07-21-2025 17:39:24 | INFO | collected 1 word types from a corpus of 1 raw words and 1 sentences
07-21-2025 17:39:24 | INFO | Updating model with new vocabulary
07-21-2025 17:39:26 | INFO | Word2Vec lifecycle event {'msg': 'added 0 new unique words (0.00% of original 1) and increased the count of 1 pre-existing words (100.00% of original 1)', 'datetime': '2025-07-21T17:39:26.110067', 'gensim': '4.3.3', 'python': '3.12.3 | packaged by conda-forge | (main, Apr 15 2024, 18:20:11) [MSC v.1938 64 bit (AMD64)]', 'platform': 'Windows-11-10.0.26100-SP0', 'event': 'prepare_vocab'}
07-21-2025 17:39:26 | INFO | deleting the raw counts dictionary of 1 items
07-21-2025 17:39:26 | INFO | sample=0.001 downsamples 1 most-common words
07-21-2025 17:39:26 | INFO | Word2Vec lifecycle event {'msg': 'downsampling leaves estimated 0.0326227766016838 word corpus (3.3%% of prior 1)', 'datetime': '2025-07-21T17:39:26.111012', 'gensim': '4.3.3', 'python': '3.12.3 | packaged by conda-forge | (main, Apr 15 2024, 18:20:11) [MSC v.1938 64 bit (AMD64)]', 'platform': 'Windows-11-10.0.26100-SP0', 'event': 'prepare_vocab'}
07-21-2025 17:39:26 | INFO | estimated required memory for 1 words and 100 dimensions: 1300 bytes
07-21-2025 17:39:26 | INFO | updating layer weights
07-21-2025 17:39:26 | INFO | Word2Vec lifecycle event {'update': True, 'trim_rule': 'None', 'datetime': '2025-07-21T17:39:26.279454', 'gensim': '4.3.3', 'python': '3.12.3 | packaged by conda-forge | (main, Apr 15 2024, 18:20:11) [MSC v.1938 64 bit (AMD64)]', 'platform': 'Windows-11-10.0.26100-SP0', 'event': 'build_vocab'}
07-21-2025 17:39:26 | WARNING | Effective 'alpha' higher than previous training cycles
07-21-2025 17:39:26 | INFO | Word2Vec lifecycle event {'msg': 'training model with 1 workers on 20732 vocabulary and 100 features, using sg=0 hs=0 sample=0.001 negative=5 window=5 shrink_windows=True', 'datetime': '2025-07-21T17:39:26.280439', 'gensim': '4.3.3', 'python': '3.12.3 | packaged by conda-forge | (main, Apr 15 2024, 18:20:11) [MSC v.1938 64 bit (AMD64)]', 'platform': 'Windows-11-10.0.26100-SP0', 'event': 'train'}
07-21-2025 17:39:26 | INFO | EPOCH 0: training on 1 raw words (0 effective words) took 0.0s, 0 effective words/s
07-21-2025 17:39:26 | INFO | EPOCH 1: training on 1 raw words (0 effective words) took 0.0s, 0 effective words/s
07-21-2025 17:39:26 | INFO | EPOCH 2: training on 1 raw words (0 effective words) took 0.0s, 0 effective words/s
07-21-2025 17:39:26 | INFO | EPOCH 3: training on 1 raw words (0 effective words) took 0.0s, 0 effective words/s
07-21-2025 17:39:26 | INFO | EPOCH 4: training on 1 raw words (0 effective words) took 0.0s, 0 effective words/s
07-21-2025 17:39:26 | INFO | Word2Vec lifecycle event {'msg': 'training on 5 raw words (0 effective words) took 0.0s, 0 effective words/s', 'datetime': '2025-07-21T17:39:26.287591', 'gensim': '4.3.3', 'python': '3.12.3 | packaged by conda-forge | (main, Apr 15 2024, 18:20:11) [MSC v.1938 64 bit (AMD64)]', 'platform': 'Windows-11-10.0.26100-SP0', 'event': 'train'}
07-21-2025 17:39:26 | INFO | Word2Vec lifecycle event {'fname_or_handle': 'common/model/word2vec.model', 'separately': 'None', 'sep_limit': 10485760, 'ignore': frozenset(), 'datetime': '2025-07-21T17:39:26.289572', 'gensim': '4.3.3', 'python': '3.12.3 | packaged by conda-forge | (main, Apr 15 2024, 18:20:11) [MSC v.1938 64 bit (AMD64)]', 'platform': 'Windows-11-10.0.26100-SP0', 'event': 'saving'}
07-21-2025 17:39:26 | INFO | not storing attribute cum_table
07-21-2025 17:39:26 | INFO | saved common/model/word2vec.model
07-21-2025 17:42:03 | INFO | loading Word2Vec object from common/model/word2vec.model
07-21-2025 17:42:03 | INFO | loading wv recursively from common/model/word2vec.model.wv.* with mmap=None
07-21-2025 17:42:03 | INFO | setting ignored attribute cum_table to None
07-21-2025 17:42:03 | INFO | Word2Vec lifecycle event {'fname': 'common/model/word2vec.model', 'datetime': '2025-07-21T17:42:03.589528', 'gensim': '4.3.3', 'python': '3.12.3 | packaged by conda-forge | (main, Apr 15 2024, 18:20:11) [MSC v.1938 64 bit (AMD64)]', 'platform': 'Windows-11-10.0.26100-SP0', 'event': 'loaded'}
07-21-2025 17:42:03 | INFO | collecting all words and their counts
07-21-2025 17:42:03 | INFO | PROGRESS: at sentence #0, processed 0 words, keeping 0 word types
07-21-2025 17:42:03 | INFO | collected 2 word types from a corpus of 2 raw words and 2 sentences
07-21-2025 17:42:03 | INFO | Updating model with new vocabulary
07-21-2025 17:42:05 | INFO | Word2Vec lifecycle event {'msg': 'added 0 new unique words (0.00% of original 2) and increased the count of 2 pre-existing words (100.00% of original 2)', 'datetime': '2025-07-21T17:42:05.146740', 'gensim': '4.3.3', 'python': '3.12.3 | packaged by conda-forge | (main, Apr 15 2024, 18:20:11) [MSC v.1938 64 bit (AMD64)]', 'platform': 'Windows-11-10.0.26100-SP0', 'event': 'prepare_vocab'}
07-21-2025 17:42:05 | INFO | deleting the raw counts dictionary of 2 items
07-21-2025 17:42:05 | INFO | sample=0.001 downsamples 2 most-common words
07-21-2025 17:42:05 | INFO | Word2Vec lifecycle event {'msg': 'downsampling leaves estimated 0.09344271909999159 word corpus (4.7%% of prior 2)', 'datetime': '2025-07-21T17:42:05.147742', 'gensim': '4.3.3', 'python': '3.12.3 | packaged by conda-forge | (main, Apr 15 2024, 18:20:11) [MSC v.1938 64 bit (AMD64)]', 'platform': 'Windows-11-10.0.26100-SP0', 'event': 'prepare_vocab'}
07-21-2025 17:42:05 | INFO | estimated required memory for 2 words and 100 dimensions: 2600 bytes
07-21-2025 17:42:05 | INFO | updating layer weights
07-21-2025 17:42:05 | INFO | Word2Vec lifecycle event {'update': True, 'trim_rule': 'None', 'datetime': '2025-07-21T17:42:05.335405', 'gensim': '4.3.3', 'python': '3.12.3 | packaged by conda-forge | (main, Apr 15 2024, 18:20:11) [MSC v.1938 64 bit (AMD64)]', 'platform': 'Windows-11-10.0.26100-SP0', 'event': 'build_vocab'}
07-21-2025 17:42:05 | WARNING | Effective 'alpha' higher than previous training cycles
07-21-2025 17:42:05 | INFO | Word2Vec lifecycle event {'msg': 'training model with 1 workers on 20732 vocabulary and 100 features, using sg=0 hs=0 sample=0.001 negative=5 window=5 shrink_windows=True', 'datetime': '2025-07-21T17:42:05.337388', 'gensim': '4.3.3', 'python': '3.12.3 | packaged by conda-forge | (main, Apr 15 2024, 18:20:11) [MSC v.1938 64 bit (AMD64)]', 'platform': 'Windows-11-10.0.26100-SP0', 'event': 'train'}
07-21-2025 17:42:05 | INFO | EPOCH 0: training on 2 raw words (1 effective words) took 0.0s, 2048 effective words/s
07-21-2025 17:42:05 | INFO | EPOCH 1: training on 2 raw words (0 effective words) took 0.0s, 0 effective words/s
07-21-2025 17:42:05 | INFO | EPOCH 2: training on 2 raw words (0 effective words) took 0.0s, 0 effective words/s
07-21-2025 17:42:05 | INFO | EPOCH 3: training on 2 raw words (0 effective words) took 0.0s, 0 effective words/s
07-21-2025 17:42:05 | INFO | EPOCH 4: training on 2 raw words (0 effective words) took 0.0s, 0 effective words/s
07-21-2025 17:42:05 | INFO | Word2Vec lifecycle event {'msg': 'training on 10 raw words (1 effective words) took 0.0s, 125 effective words/s', 'datetime': '2025-07-21T17:42:05.345393', 'gensim': '4.3.3', 'python': '3.12.3 | packaged by conda-forge | (main, Apr 15 2024, 18:20:11) [MSC v.1938 64 bit (AMD64)]', 'platform': 'Windows-11-10.0.26100-SP0', 'event': 'train'}
07-21-2025 17:42:05 | INFO | Word2Vec lifecycle event {'fname_or_handle': 'common/model/word2vec.model', 'separately': 'None', 'sep_limit': 10485760, 'ignore': frozenset(), 'datetime': '2025-07-21T17:42:05.346393', 'gensim': '4.3.3', 'python': '3.12.3 | packaged by conda-forge | (main, Apr 15 2024, 18:20:11) [MSC v.1938 64 bit (AMD64)]', 'platform': 'Windows-11-10.0.26100-SP0', 'event': 'saving'}
07-21-2025 17:42:05 | INFO | not storing attribute cum_table
07-21-2025 17:42:05 | INFO | saved common/model/word2vec.model
07-21-2025 17:43:04 | WARNING | Some characters could not be decoded, and were replaced with REPLACEMENT CHARACTER.
07-21-2025 17:44:45 | WARNING | Some characters could not be decoded, and were replaced with REPLACEMENT CHARACTER.
07-21-2025 17:47:45 | WARNING | Some characters could not be decoded, and were replaced with REPLACEMENT CHARACTER.
07-21-2025 17:48:01 | INFO | loading Word2Vec object from common/model/word2vec.model
07-21-2025 17:48:01 | INFO | loading wv recursively from common/model/word2vec.model.wv.* with mmap=None
07-21-2025 17:48:01 | INFO | setting ignored attribute cum_table to None
07-21-2025 17:48:01 | INFO | Word2Vec lifecycle event {'fname': 'common/model/word2vec.model', 'datetime': '2025-07-21T17:48:01.661866', 'gensim': '4.3.3', 'python': '3.12.3 | packaged by conda-forge | (main, Apr 15 2024, 18:20:11) [MSC v.1938 64 bit (AMD64)]', 'platform': 'Windows-11-10.0.26100-SP0', 'event': 'loaded'}
07-21-2025 17:48:01 | INFO | collecting all words and their counts
07-21-2025 17:48:01 | INFO | PROGRESS: at sentence #0, processed 0 words, keeping 0 word types
07-21-2025 17:48:01 | INFO | collected 2 word types from a corpus of 2 raw words and 2 sentences
07-21-2025 17:48:01 | INFO | Updating model with new vocabulary
07-21-2025 17:48:02 | INFO | Word2Vec lifecycle event {'msg': 'added 0 new unique words (0.00% of original 2) and increased the count of 2 pre-existing words (100.00% of original 2)', 'datetime': '2025-07-21T17:48:02.875091', 'gensim': '4.3.3', 'python': '3.12.3 | packaged by conda-forge | (main, Apr 15 2024, 18:20:11) [MSC v.1938 64 bit (AMD64)]', 'platform': 'Windows-11-10.0.26100-SP0', 'event': 'prepare_vocab'}
07-21-2025 17:48:02 | INFO | deleting the raw counts dictionary of 2 items
07-21-2025 17:48:02 | INFO | sample=0.001 downsamples 2 most-common words
07-21-2025 17:48:02 | INFO | Word2Vec lifecycle event {'msg': 'downsampling leaves estimated 0.09344271909999159 word corpus (4.7%% of prior 2)', 'datetime': '2025-07-21T17:48:02.876091', 'gensim': '4.3.3', 'python': '3.12.3 | packaged by conda-forge | (main, Apr 15 2024, 18:20:11) [MSC v.1938 64 bit (AMD64)]', 'platform': 'Windows-11-10.0.26100-SP0', 'event': 'prepare_vocab'}
07-21-2025 17:48:03 | INFO | estimated required memory for 2 words and 100 dimensions: 2600 bytes
07-21-2025 17:48:03 | INFO | updating layer weights
07-21-2025 17:48:03 | INFO | Word2Vec lifecycle event {'update': True, 'trim_rule': 'None', 'datetime': '2025-07-21T17:48:03.036888', 'gensim': '4.3.3', 'python': '3.12.3 | packaged by conda-forge | (main, Apr 15 2024, 18:20:11) [MSC v.1938 64 bit (AMD64)]', 'platform': 'Windows-11-10.0.26100-SP0', 'event': 'build_vocab'}
07-21-2025 17:48:03 | WARNING | Effective 'alpha' higher than previous training cycles
07-21-2025 17:48:03 | INFO | Word2Vec lifecycle event {'msg': 'training model with 1 workers on 20732 vocabulary and 100 features, using sg=0 hs=0 sample=0.001 negative=5 window=5 shrink_windows=True', 'datetime': '2025-07-21T17:48:03.038301', 'gensim': '4.3.3', 'python': '3.12.3 | packaged by conda-forge | (main, Apr 15 2024, 18:20:11) [MSC v.1938 64 bit (AMD64)]', 'platform': 'Windows-11-10.0.26100-SP0', 'event': 'train'}
07-21-2025 17:48:03 | INFO | EPOCH 0: training on 2 raw words (0 effective words) took 0.0s, 0 effective words/s
07-21-2025 17:48:03 | INFO | EPOCH 1: training on 2 raw words (0 effective words) took 0.0s, 0 effective words/s
07-21-2025 17:48:03 | INFO | EPOCH 2: training on 2 raw words (0 effective words) took 0.0s, 0 effective words/s
07-21-2025 17:48:03 | INFO | EPOCH 3: training on 2 raw words (0 effective words) took 0.0s, 0 effective words/s
07-21-2025 17:48:03 | INFO | EPOCH 4: training on 2 raw words (0 effective words) took 0.0s, 0 effective words/s
07-21-2025 17:48:03 | INFO | Word2Vec lifecycle event {'msg': 'training on 10 raw words (0 effective words) took 0.0s, 0 effective words/s', 'datetime': '2025-07-21T17:48:03.045616', 'gensim': '4.3.3', 'python': '3.12.3 | packaged by conda-forge | (main, Apr 15 2024, 18:20:11) [MSC v.1938 64 bit (AMD64)]', 'platform': 'Windows-11-10.0.26100-SP0', 'event': 'train'}
07-21-2025 17:48:03 | INFO | Word2Vec lifecycle event {'fname_or_handle': 'common/model/word2vec.model', 'separately': 'None', 'sep_limit': 10485760, 'ignore': frozenset(), 'datetime': '2025-07-21T17:48:03.046644', 'gensim': '4.3.3', 'python': '3.12.3 | packaged by conda-forge | (main, Apr 15 2024, 18:20:11) [MSC v.1938 64 bit (AMD64)]', 'platform': 'Windows-11-10.0.26100-SP0', 'event': 'saving'}
07-21-2025 17:48:03 | INFO | not storing attribute cum_table
07-21-2025 17:48:03 | INFO | saved common/model/word2vec.model
07-21-2025 17:49:05 | WARNING | Some characters could not be decoded, and were replaced with REPLACEMENT CHARACTER.
07-21-2025 17:50:42 | WARNING | Some characters could not be decoded, and were replaced with REPLACEMENT CHARACTER.
07-21-2025 17:53:30 | WARNING | Some characters could not be decoded, and were replaced with REPLACEMENT CHARACTER.
07-21-2025 17:53:43 | INFO | loading Word2Vec object from common/model/word2vec.model
07-21-2025 17:53:43 | INFO | loading wv recursively from common/model/word2vec.model.wv.* with mmap=None
07-21-2025 17:53:43 | INFO | setting ignored attribute cum_table to None
07-21-2025 17:53:44 | INFO | Word2Vec lifecycle event {'fname': 'common/model/word2vec.model', 'datetime': '2025-07-21T17:53:44.058241', 'gensim': '4.3.3', 'python': '3.12.3 | packaged by conda-forge | (main, Apr 15 2024, 18:20:11) [MSC v.1938 64 bit (AMD64)]', 'platform': 'Windows-11-10.0.26100-SP0', 'event': 'loaded'}
07-21-2025 17:53:44 | INFO | collecting all words and their counts
07-21-2025 17:53:44 | INFO | PROGRESS: at sentence #0, processed 0 words, keeping 0 word types
07-21-2025 17:53:44 | INFO | collected 2 word types from a corpus of 2 raw words and 2 sentences
07-21-2025 17:53:44 | INFO | Updating model with new vocabulary
07-21-2025 17:53:45 | INFO | Word2Vec lifecycle event {'msg': 'added 0 new unique words (0.00% of original 2) and increased the count of 2 pre-existing words (100.00% of original 2)', 'datetime': '2025-07-21T17:53:45.273362', 'gensim': '4.3.3', 'python': '3.12.3 | packaged by conda-forge | (main, Apr 15 2024, 18:20:11) [MSC v.1938 64 bit (AMD64)]', 'platform': 'Windows-11-10.0.26100-SP0', 'event': 'prepare_vocab'}
07-21-2025 17:53:45 | INFO | deleting the raw counts dictionary of 2 items
07-21-2025 17:53:45 | INFO | sample=0.001 downsamples 2 most-common words
07-21-2025 17:53:45 | INFO | Word2Vec lifecycle event {'msg': 'downsampling leaves estimated 0.09344271909999159 word corpus (4.7%% of prior 2)', 'datetime': '2025-07-21T17:53:45.274366', 'gensim': '4.3.3', 'python': '3.12.3 | packaged by conda-forge | (main, Apr 15 2024, 18:20:11) [MSC v.1938 64 bit (AMD64)]', 'platform': 'Windows-11-10.0.26100-SP0', 'event': 'prepare_vocab'}
07-21-2025 17:53:45 | INFO | estimated required memory for 2 words and 100 dimensions: 2600 bytes
07-21-2025 17:53:45 | INFO | updating layer weights
07-21-2025 17:53:45 | INFO | Word2Vec lifecycle event {'update': True, 'trim_rule': 'None', 'datetime': '2025-07-21T17:53:45.438381', 'gensim': '4.3.3', 'python': '3.12.3 | packaged by conda-forge | (main, Apr 15 2024, 18:20:11) [MSC v.1938 64 bit (AMD64)]', 'platform': 'Windows-11-10.0.26100-SP0', 'event': 'build_vocab'}
07-21-2025 17:53:45 | WARNING | Effective 'alpha' higher than previous training cycles
07-21-2025 17:53:45 | INFO | Word2Vec lifecycle event {'msg': 'training model with 1 workers on 20732 vocabulary and 100 features, using sg=0 hs=0 sample=0.001 negative=5 window=5 shrink_windows=True', 'datetime': '2025-07-21T17:53:45.439379', 'gensim': '4.3.3', 'python': '3.12.3 | packaged by conda-forge | (main, Apr 15 2024, 18:20:11) [MSC v.1938 64 bit (AMD64)]', 'platform': 'Windows-11-10.0.26100-SP0', 'event': 'train'}
07-21-2025 17:53:45 | INFO | EPOCH 0: training on 2 raw words (0 effective words) took 0.0s, 0 effective words/s
07-21-2025 17:53:45 | INFO | EPOCH 1: training on 2 raw words (0 effective words) took 0.0s, 0 effective words/s
07-21-2025 17:53:45 | INFO | EPOCH 2: training on 2 raw words (1 effective words) took 0.0s, 2971 effective words/s
07-21-2025 17:53:45 | INFO | EPOCH 3: training on 2 raw words (0 effective words) took 0.0s, 0 effective words/s
07-21-2025 17:53:45 | INFO | EPOCH 4: training on 2 raw words (0 effective words) took 0.0s, 0 effective words/s
07-21-2025 17:53:45 | INFO | Word2Vec lifecycle event {'msg': 'training on 10 raw words (1 effective words) took 0.0s, 154 effective words/s', 'datetime': '2025-07-21T17:53:45.445936', 'gensim': '4.3.3', 'python': '3.12.3 | packaged by conda-forge | (main, Apr 15 2024, 18:20:11) [MSC v.1938 64 bit (AMD64)]', 'platform': 'Windows-11-10.0.26100-SP0', 'event': 'train'}
07-21-2025 17:53:45 | INFO | Word2Vec lifecycle event {'fname_or_handle': 'common/model/word2vec.model', 'separately': 'None', 'sep_limit': 10485760, 'ignore': frozenset(), 'datetime': '2025-07-21T17:53:45.447937', 'gensim': '4.3.3', 'python': '3.12.3 | packaged by conda-forge | (main, Apr 15 2024, 18:20:11) [MSC v.1938 64 bit (AMD64)]', 'platform': 'Windows-11-10.0.26100-SP0', 'event': 'saving'}
07-21-2025 17:53:45 | INFO | not storing attribute cum_table
07-21-2025 17:53:45 | INFO | saved common/model/word2vec.model
07-21-2025 17:54:05 | WARNING | Some characters could not be decoded, and were replaced with REPLACEMENT CHARACTER.
07-21-2025 17:55:45 | WARNING | Some characters could not be decoded, and were replaced with REPLACEMENT CHARACTER.
